build/app/intermediates/manifest_merge_blame_file/release/manifest-merger-blame-release-report.txt
1<?xml version="1.0" encoding="utf-8"?>
2<manifest xmlns:android="http://schemas.android.com/apk/res/android"
3    package="com.mask.detection"
4    android:versionCode="1"
5    android:versionName="1.0.0" >
6
7    <uses-sdk
8        android:minSdkVersion="21"
8-->src/main/AndroidManifest.xml
9        android:targetSdkVersion="33" />
9-->src/main/AndroidManifest.xml
10
11    <uses-permission android:name="android.permission.READ_EXTERNAL_STORAGE" />
11-->src/main/AndroidManifest.xml:4:5-80
11-->src/main/AndroidManifest.xml:4:22-77
12    <uses-permission android:name="android.permission.WRITE_EXTERNAL_STORAGE" />
12-->src/main/AndroidManifest.xml:5:5-81
12-->src/main/AndroidManifest.xml:5:22-78
13    <uses-permission android:name="android.permission.CAMERA" />
13-->src/main/AndroidManifest.xml:6:5-65
13-->src/main/AndroidManifest.xml:6:22-62
14    <uses-permission android:name="android.permission.RECORD_AUDIO" />
14-->src/main/AndroidManifest.xml:7:5-71
14-->src/main/AndroidManifest.xml:7:22-68
15
16    <permission
16-->[androidx.core:core:1.9.0] AndroidManifest.xml:22:5-24:47
17        android:name="com.mask.detection.DYNAMIC_RECEIVER_NOT_EXPORTED_PERMISSION"
17-->[androidx.core:core:1.9.0] AndroidManifest.xml:23:9-81
18        android:protectionLevel="signature" />
18-->[androidx.core:core:1.9.0] AndroidManifest.xml:24:9-44
19
20    <uses-permission android:name="com.mask.detection.DYNAMIC_RECEIVER_NOT_EXPORTED_PERMISSION" />
20-->[androidx.core:core:1.9.0] AndroidManifest.xml:26:5-97
20-->[androidx.core:core:1.9.0] AndroidManifest.xml:26:22-94
21
22    <application
23        android:name="android.app.Application"
23-->src/main/AndroidManifest.xml:11:9-42
24        android:appComponentFactory="androidx.core.app.CoreComponentFactory"
24-->[androidx.core:core:1.9.0] AndroidManifest.xml:28:18-86
25        android:icon="@mipmap/ic_launcher"
25-->src/main/AndroidManifest.xml:12:9-43
26        android:label="Mask Detection" >
26-->src/main/AndroidManifest.xml:10:9-39
27        <activity
27-->src/main/AndroidManifest.xml:13:9-33:20
28            android:name="com.example.flutter_onboarding.MainActivity"
28-->src/main/AndroidManifest.xml:14:13-41
29            android:configChanges="orientation|keyboardHidden|keyboard|screenSize|smallestScreenSize|locale|layoutDirection|fontScale|screenLayout|density|uiMode"
29-->src/main/AndroidManifest.xml:18:13-163
30            android:exported="true"
30-->src/main/AndroidManifest.xml:15:13-36
31            android:hardwareAccelerated="true"
31-->src/main/AndroidManifest.xml:19:13-47
32            android:launchMode="singleTop"
32-->src/main/AndroidManifest.xml:16:13-43
33            android:theme="@style/LaunchTheme"
33-->src/main/AndroidManifest.xml:17:13-47
34            android:windowSoftInputMode="adjustResize" >
34-->src/main/AndroidManifest.xml:20:13-55
35
36            <!--
37                 Specifies an Android theme to apply to this Activity as soon as
38                 the Android process has started. This theme is visible to the user
39                 while the Flutter UI initializes. After that, this theme continues
40                 to determine the Window background behind the Flutter UI.
41            -->
42            <meta-data
42-->src/main/AndroidManifest.xml:25:13-28:17
43                android:name="io.flutter.embedding.android.NormalTheme"
43-->src/main/AndroidManifest.xml:26:15-70
44                android:resource="@style/NormalTheme" />
44-->src/main/AndroidManifest.xml:27:15-52
45
46            <intent-filter>
46-->src/main/AndroidManifest.xml:29:13-32:29
47                <action android:name="android.intent.action.MAIN" />
47-->src/main/AndroidManifest.xml:30:17-68
47-->src/main/AndroidManifest.xml:30:25-66
48
49                <category android:name="android.intent.category.LAUNCHER" />
49-->src/main/AndroidManifest.xml:31:17-76
49-->src/main/AndroidManifest.xml:31:27-74
50            </intent-filter>
51        </activity>
52        <!--
53             Don't delete the meta-data below.
54             This is used by the Flutter tool to generate GeneratedPluginRegistrant.java
55        -->
56        <meta-data
56-->src/main/AndroidManifest.xml:36:9-38:33
57            android:name="flutterEmbedding"
57-->src/main/AndroidManifest.xml:37:13-44
58            android:value="2" />
58-->src/main/AndroidManifest.xml:38:13-30
59
60        <provider
60-->[:image_picker_android] AndroidManifest.xml:8:9-16:20
61            android:name="io.flutter.plugins.imagepicker.ImagePickerFileProvider"
61-->[:image_picker_android] AndroidManifest.xml:9:13-82
62            android:authorities="com.mask.detection.flutter.image_provider"
62-->[:image_picker_android] AndroidManifest.xml:10:13-74
63            android:exported="false"
63-->[:image_picker_android] AndroidManifest.xml:11:13-37
64            android:grantUriPermissions="true" >
64-->[:image_picker_android] AndroidManifest.xml:12:13-47
65            <meta-data
65-->[:image_picker_android] AndroidManifest.xml:13:13-15:75
66                android:name="android.support.FILE_PROVIDER_PATHS"
66-->[:image_picker_android] AndroidManifest.xml:14:17-67
67                android:resource="@xml/flutter_image_picker_file_paths" />
67-->[:image_picker_android] AndroidManifest.xml:15:17-72
68        </provider>
69
70        <uses-library
70-->[androidx.window:window:1.0.0-beta04] AndroidManifest.xml:25:9-27:40
71            android:name="androidx.window.extensions"
71-->[androidx.window:window:1.0.0-beta04] AndroidManifest.xml:26:13-54
72            android:required="false" />
72-->[androidx.window:window:1.0.0-beta04] AndroidManifest.xml:27:13-37
73        <uses-library
73-->[androidx.window:window:1.0.0-beta04] AndroidManifest.xml:28:9-30:40
74            android:name="androidx.window.sidecar"
74-->[androidx.window:window:1.0.0-beta04] AndroidManifest.xml:29:13-51
75            android:required="false" />
75-->[androidx.window:window:1.0.0-beta04] AndroidManifest.xml:30:13-37
76
77        <provider
77-->[androidx.profileinstaller:profileinstaller:1.3.0] AndroidManifest.xml:24:9-32:20
78            android:name="androidx.startup.InitializationProvider"
78-->[androidx.profileinstaller:profileinstaller:1.3.0] AndroidManifest.xml:25:13-67
79            android:authorities="com.mask.detection.androidx-startup"
79-->[androidx.profileinstaller:profileinstaller:1.3.0] AndroidManifest.xml:26:13-68
80            android:exported="false" >
80-->[androidx.profileinstaller:profileinstaller:1.3.0] AndroidManifest.xml:27:13-37
81            <meta-data
81-->[androidx.profileinstaller:profileinstaller:1.3.0] AndroidManifest.xml:29:13-31:52
82                android:name="androidx.profileinstaller.ProfileInstallerInitializer"
82-->[androidx.profileinstaller:profileinstaller:1.3.0] AndroidManifest.xml:30:17-85
83                android:value="androidx.startup" />
83-->[androidx.profileinstaller:profileinstaller:1.3.0] AndroidManifest.xml:31:17-49
84        </provider>
85
86        <receiver
86-->[androidx.profileinstaller:profileinstaller:1.3.0] AndroidManifest.xml:34:9-52:20
87            android:name="androidx.profileinstaller.ProfileInstallReceiver"
87-->[androidx.profileinstaller:profileinstaller:1.3.0] AndroidManifest.xml:35:13-76
88            android:directBootAware="false"
88-->[androidx.profileinstaller:profileinstaller:1.3.0] AndroidManifest.xml:36:13-44
89            android:enabled="true"
89-->[androidx.profileinstaller:profileinstaller:1.3.0] AndroidManifest.xml:37:13-35
90            android:exported="true"
90-->[androidx.profileinstaller:profileinstaller:1.3.0] AndroidManifest.xml:38:13-36
91            android:permission="android.permission.DUMP" >
91-->[androidx.profileinstaller:profileinstaller:1.3.0] AndroidManifest.xml:39:13-57
92            <intent-filter>
92-->[androidx.profileinstaller:profileinstaller:1.3.0] AndroidManifest.xml:40:13-42:29
93                <action android:name="androidx.profileinstaller.action.INSTALL_PROFILE" />
93-->[androidx.profileinstaller:profileinstaller:1.3.0] AndroidManifest.xml:41:17-91
93-->[androidx.profileinstaller:profileinstaller:1.3.0] AndroidManifest.xml:41:25-88
94            </intent-filter>
95            <intent-filter>
95-->[androidx.profileinstaller:profileinstaller:1.3.0] AndroidManifest.xml:43:13-45:29
96                <action android:name="androidx.profileinstaller.action.SKIP_FILE" />
96-->[androidx.profileinstaller:profileinstaller:1.3.0] AndroidManifest.xml:44:17-85
96-->[androidx.profileinstaller:profileinstaller:1.3.0] AndroidManifest.xml:44:25-82
97            </intent-filter>
98            <intent-filter>
98-->[androidx.profileinstaller:profileinstaller:1.3.0] AndroidManifest.xml:46:13-48:29
99                <action android:name="androidx.profileinstaller.action.SAVE_PROFILE" />
99-->[androidx.profileinstaller:profileinstaller:1.3.0] AndroidManifest.xml:47:17-88
99-->[androidx.profileinstaller:profileinstaller:1.3.0] AndroidManifest.xml:47:25-85
100            </intent-filter>
101            <intent-filter>
101-->[androidx.profileinstaller:profileinstaller:1.3.0] AndroidManifest.xml:49:13-51:29
102                <action android:name="androidx.profileinstaller.action.BENCHMARK_OPERATION" />
102-->[androidx.profileinstaller:profileinstaller:1.3.0] AndroidManifest.xml:50:17-95
102-->[androidx.profileinstaller:profileinstaller:1.3.0] AndroidManifest.xml:50:25-92
103            </intent-filter>
104        </receiver>
105    </application>
106
107</manifest>